<?xml version="1.0" encoding="UTF-8"?>
<!-- Generated by org.testng.reporters.JUnitXMLReporter -->
<testsuite hostname="ROHINI-LNV" ignored="3" name="HomeDepot Test" tests="1" failures="1" timestamp="15 Apr 2021 17:39:16 GMT" time="24.434" errors="0">
  <testcase name="searchanitem_tc002" time="19.313" classname="com.homedepot.TestCases.HomeScreenTest">
    <failure type="org.openqa.selenium.ElementClickInterceptedException" message="element click intercepted: Element &amp;lt;label class=&amp;quot;checkbox-btn__label&amp;quot; for=&amp;quot;2bcudl-0&amp;quot;&amp;gt;...&amp;lt;/label&amp;gt; is not clickable at point (77, 10). Other element would receive the click: &amp;lt;div class=&amp;quot;col__12-12&amp;quot;&amp;gt;...&amp;lt;/div&amp;gt;
  (Session info: chrome=89.0.4389.128)
Build info: version: &amp;apos;3.14.0&amp;apos;, revision: &amp;apos;aacccce0&amp;apos;, time: &amp;apos;2018-08-02T20:19:58.91Z&amp;apos;
System info: host: &amp;apos;ROHINI-LNV&amp;apos;, ip: &amp;apos;192.168.0.18&amp;apos;, os.name: &amp;apos;Windows 10&amp;apos;, os.arch: &amp;apos;amd64&amp;apos;, os.version: &amp;apos;10.0&amp;apos;, java.version: &amp;apos;1.8.0_241&amp;apos;
Driver info: org.openqa.selenium.chrome.ChromeDriver
Capabilities {acceptInsecureCerts: false, browserName: chrome, browserVersion: 89.0.4389.128, chrome: {chromedriverVersion: 89.0.4389.23 (61b08ee2c5002..., userDataDir: C:\Users\rohin\AppData\Loca...}, goog:chromeOptions: {debuggerAddress: localhost:59621}, javascriptEnabled: true, networkConnectionEnabled: false, pageLoadStrategy: normal, platform: WINDOWS, platformName: WINDOWS, proxy: Proxy(), setWindowRect: true, strictFileInteractability: false, timeouts: {implicit: 0, pageLoad: 300000, script: 30000}, unhandledPromptBehavior: dismiss and notify, webauthn:extension:largeBlob: true, webauthn:virtualAuthenticators: true}
Session ID: 4b38fc02179d1d7e59fb9bcaca0a179d">
      <![CDATA[org.openqa.selenium.ElementClickInterceptedException: element click intercepted: Element <label class="checkbox-btn__label" for="2bcudl-0">...</label> is not clickable at point (77, 10). Other element would receive the click: <div class="col__12-12">...</div>
  (Session info: chrome=89.0.4389.128)
Build info: version: '3.14.0', revision: 'aacccce0', time: '2018-08-02T20:19:58.91Z'
System info: host: 'ROHINI-LNV', ip: '192.168.0.18', os.name: 'Windows 10', os.arch: 'amd64', os.version: '10.0', java.version: '1.8.0_241'
Driver info: org.openqa.selenium.chrome.ChromeDriver
Capabilities {acceptInsecureCerts: false, browserName: chrome, browserVersion: 89.0.4389.128, chrome: {chromedriverVersion: 89.0.4389.23 (61b08ee2c5002..., userDataDir: C:\Users\rohin\AppData\Loca...}, goog:chromeOptions: {debuggerAddress: localhost:59621}, javascriptEnabled: true, networkConnectionEnabled: false, pageLoadStrategy: normal, platform: WINDOWS, platformName: WINDOWS, proxy: Proxy(), setWindowRect: true, strictFileInteractability: false, timeouts: {implicit: 0, pageLoad: 300000, script: 30000}, unhandledPromptBehavior: dismiss and notify, webauthn:extension:largeBlob: true, webauthn:virtualAuthenticators: true}
Session ID: 4b38fc02179d1d7e59fb9bcaca0a179d
at org.openqa.selenium.remote.http.W3CHttpResponseCodec.createException(W3CHttpResponseCodec.java:187)
at org.openqa.selenium.remote.http.W3CHttpResponseCodec.decode(W3CHttpResponseCodec.java:122)
at org.openqa.selenium.remote.http.W3CHttpResponseCodec.decode(W3CHttpResponseCodec.java:49)
at org.openqa.selenium.remote.HttpCommandExecutor.execute(HttpCommandExecutor.java:158)
at org.openqa.selenium.remote.service.DriverCommandExecutor.execute(DriverCommandExecutor.java:83)
at org.openqa.selenium.remote.RemoteWebDriver.execute(RemoteWebDriver.java:548)
at org.openqa.selenium.remote.RemoteWebElement.execute(RemoteWebElement.java:276)
at org.openqa.selenium.remote.RemoteWebElement.click(RemoteWebElement.java:83)
at org.openqa.selenium.support.pagefactory.internal.LocatingElementHandler.invoke(LocatingElementHandler.java:51)
at com.sun.proxy.$Proxy11.click(Unknown Source)
at com.homedepot.PageObjects.HomeScreenPO.clickheightCB1(HomeScreenPO.java:152)
at com.homedepot.TestCases.HomeScreenTest.searchanitem_tc002(HomeScreenTest.java:103)
... Removed 33 stack frames]]>
    </failure>
  </testcase> <!-- searchanitem_tc002 -->
  <testcase name="findastore_003" time="0.0" classname="com.homedepot.TestCases.HomeScreenTest">
    <ignored/>
  </testcase> <!-- findastore_003 -->
  <testcase name="giftcards_004" time="0.0" classname="com.homedepot.TestCases.HomeScreenTest">
    <ignored/>
  </testcase> <!-- giftcards_004 -->
  <testcase name="login_001" time="0.0" classname="com.homedepot.TestCases.HomeScreenTest">
    <ignored/>
  </testcase> <!-- login_001 -->
</testsuite> <!-- HomeDepot Test -->
